[2025-06-01 20:34:57] WARNING django.request: Not Found: /static/admin/css/base.css
[2025-06-01 20:34:57] WARNING django.request: Not Found: /static/admin/js/theme.js
[2025-06-01 20:34:57] WARNING django.request: Not Found: /static/admin/css/dark_mode.css
[2025-06-01 20:34:58] WARNING django.request: Not Found: /static/admin/css/nav_sidebar.css
[2025-06-01 20:34:58] WARNING django.request: Not Found: /static/admin/css/responsive.css
[2025-06-01 20:34:58] WARNING django.request: Not Found: /static/admin/js/vendor/jquery/jquery.js
[2025-06-01 20:34:58] WARNING django.request: Not Found: /static/admin/js/jquery.init.js
[2025-06-01 20:34:58] WARNING django.request: Not Found: /static/admin/js/core.js
[2025-06-01 20:34:58] WARNING django.request: Not Found: /static/admin/js/admin/RelatedObjectLookups.js
[2025-06-01 20:34:58] WARNING django.request: Not Found: /static/admin/js/urlify.js
[2025-06-01 20:34:58] WARNING django.request: Not Found: /static/admin/js/actions.js
[2025-06-01 20:34:58] WARNING django.request: Not Found: /static/admin/js/prepopulate.js
[2025-06-01 20:34:58] WARNING django.request: Not Found: /static/admin/js/vendor/xregexp/xregexp.js
[2025-06-01 20:34:58] WARNING django.request: Not Found: /static/admin/js/nav_sidebar.js
[2025-06-01 20:34:58] WARNING django.request: Not Found: /static/admin/js/cancel.js
[2025-06-01 20:34:58] WARNING django.request: Not Found: /static/admin/css/responsive.css
[2025-06-01 20:35:05] WARNING django.request: Not Found: /static/admin/css/base.css
[2025-06-01 20:35:05] WARNING django.request: Not Found: /static/admin/css/dark_mode.css
[2025-06-01 20:35:05] WARNING django.request: Not Found: /static/admin/js/theme.js
[2025-06-01 20:35:05] WARNING django.request: Not Found: /static/admin/css/changelists.css
[2025-06-01 20:35:05] WARNING django.request: Not Found: /static/admin/css/nav_sidebar.css
[2025-06-01 20:35:05] WARNING django.request: Not Found: /static/admin/css/responsive.css
[2025-06-01 20:35:05] WARNING django.request: Not Found: /static/admin/js/vendor/jquery/jquery.js
[2025-06-01 20:35:05] WARNING django.request: Not Found: /static/admin/js/admin/RelatedObjectLookups.js
[2025-06-01 20:35:05] WARNING django.request: Not Found: /static/admin/js/jquery.init.js
[2025-06-01 20:35:05] WARNING django.request: Not Found: /static/admin/js/core.js
[2025-06-01 20:35:05] WARNING django.request: Not Found: /static/admin/js/actions.js
[2025-06-01 20:35:05] WARNING django.request: Not Found: /static/admin/js/urlify.js
[2025-06-01 20:35:05] WARNING django.request: Not Found: /static/admin/js/prepopulate.js
[2025-06-01 20:35:05] WARNING django.request: Not Found: /static/admin/js/vendor/xregexp/xregexp.js
[2025-06-01 20:35:05] WARNING django.request: Not Found: /static/admin/img/search.svg
[2025-06-01 20:35:05] WARNING django.request: Not Found: /static/admin/js/nav_sidebar.js
[2025-06-01 20:35:05] WARNING django.request: Not Found: /static/admin/css/changelists.css
[2025-06-01 20:35:05] WARNING django.request: Not Found: /static/admin/css/nav_sidebar.css
[2025-06-01 20:35:05] WARNING django.request: Not Found: /static/admin/css/responsive.css
[2025-06-01 20:35:05] WARNING django.request: Not Found: /static/admin/js/filters.js
[2025-06-01 20:35:08] WARNING django.request: Not Found: /.well-known/appspecific/com.chrome.devtools.json
[2025-06-01 20:38:12] WARNING django.request: Not Found: /static/admin/css/base.css
[2025-06-01 20:38:12] WARNING django.request: Not Found: /static/admin/css/dark_mode.css
[2025-06-01 20:38:12] WARNING django.request: Not Found: /static/admin/js/theme.js
[2025-06-01 20:38:12] WARNING django.request: Not Found: /static/admin/css/nav_sidebar.css
[2025-06-01 20:38:12] WARNING django.request: Not Found: /static/admin/css/changelists.css
[2025-06-01 20:38:12] WARNING django.request: Not Found: /static/admin/css/responsive.css
[2025-06-01 20:38:12] WARNING django.request: Not Found: /static/admin/js/vendor/jquery/jquery.js
[2025-06-01 20:38:12] WARNING django.request: Not Found: /static/admin/js/jquery.init.js
[2025-06-01 20:38:12] WARNING django.request: Not Found: /static/admin/js/core.js
[2025-06-01 20:38:12] WARNING django.request: Not Found: /static/admin/js/admin/RelatedObjectLookups.js
[2025-06-01 20:38:13] WARNING django.request: Not Found: /static/admin/js/actions.js
[2025-06-01 20:38:13] WARNING django.request: Not Found: /static/admin/js/urlify.js
[2025-06-01 20:38:13] WARNING django.request: Not Found: /static/admin/js/prepopulate.js
[2025-06-01 20:38:13] WARNING django.request: Not Found: /static/admin/img/search.svg
[2025-06-01 20:38:13] WARNING django.request: Not Found: /static/admin/js/vendor/xregexp/xregexp.js
[2025-06-01 20:38:13] WARNING django.request: Not Found: /static/admin/img/icon-yes.svg
[2025-06-01 20:38:13] WARNING django.request: Not Found: /static/admin/css/changelists.css
[2025-06-01 20:38:13] WARNING django.request: Not Found: /static/admin/js/nav_sidebar.js
[2025-06-01 20:38:13] WARNING django.request: Not Found: /static/admin/css/nav_sidebar.css
[2025-06-01 20:38:13] WARNING django.request: Not Found: /static/admin/js/filters.js
[2025-06-01 20:38:13] WARNING django.request: Not Found: /static/admin/css/responsive.css
[2025-06-01 20:38:15] WARNING django.request: Not Found: /static/admin/css/base.css
[2025-06-01 20:38:15] WARNING django.request: Not Found: /static/admin/css/dark_mode.css
[2025-06-01 20:38:15] WARNING django.request: Not Found: /static/admin/css/nav_sidebar.css
[2025-06-01 20:38:15] WARNING django.request: Not Found: /static/admin/js/theme.js
[2025-06-01 20:38:15] WARNING django.request: Not Found: /static/admin/css/responsive.css
[2025-06-01 20:38:15] WARNING django.request: Not Found: /static/admin/css/changelists.css
[2025-06-01 20:38:15] WARNING django.request: Not Found: /static/admin/js/vendor/jquery/jquery.js
[2025-06-01 20:38:15] WARNING django.request: Not Found: /static/admin/js/jquery.init.js
[2025-06-01 20:38:15] WARNING django.request: Not Found: /static/admin/js/core.js
[2025-06-01 20:38:15] WARNING django.request: Not Found: /static/admin/js/actions.js
[2025-06-01 20:38:15] WARNING django.request: Not Found: /static/admin/js/urlify.js
[2025-06-01 20:38:15] WARNING django.request: Not Found: /static/admin/js/admin/RelatedObjectLookups.js
[2025-06-01 20:38:15] WARNING django.request: Not Found: /static/admin/css/nav_sidebar.css
[2025-06-01 20:38:15] WARNING django.request: Not Found: /static/admin/css/changelists.css
[2025-06-01 20:38:15] WARNING django.request: Not Found: /static/admin/img/search.svg
[2025-06-01 20:38:15] WARNING django.request: Not Found: /static/admin/js/vendor/xregexp/xregexp.js
[2025-06-01 20:38:15] WARNING django.request: Not Found: /static/admin/js/prepopulate.js
[2025-06-01 20:38:15] WARNING django.request: Not Found: /static/admin/js/filters.js
[2025-06-01 20:38:15] WARNING django.request: Not Found: /static/admin/css/responsive.css
[2025-06-01 20:38:15] WARNING django.request: Not Found: /static/admin/js/nav_sidebar.js
[2025-06-01 20:38:20] WARNING django.request: Not Found: /static/admin/css/nav_sidebar.css
[2025-06-01 20:38:20] WARNING django.request: Not Found: /static/admin/js/vendor/jquery/jquery.js
[2025-06-01 20:38:20] WARNING django.request: Not Found: /static/admin/js/jquery.init.js
[2025-06-01 20:38:20] WARNING django.request: Not Found: /static/admin/js/theme.js
[2025-06-01 20:38:20] WARNING django.request: Not Found: /static/admin/css/base.css
[2025-06-01 20:38:20] WARNING django.request: Not Found: /static/admin/css/dark_mode.css
[2025-06-01 20:38:20] WARNING django.request: Not Found: /static/admin/css/responsive.css
[2025-06-01 20:38:20] WARNING django.request: Not Found: /static/admin/js/core.js
[2025-06-01 20:38:20] WARNING django.request: Not Found: /static/admin/js/actions.js
[2025-06-01 20:38:20] WARNING django.request: Not Found: /static/admin/js/urlify.js
[2025-06-01 20:38:20] WARNING django.request: Not Found: /static/admin/js/admin/RelatedObjectLookups.js
[2025-06-01 20:38:20] WARNING django.request: Not Found: /static/admin/js/prepopulate.js
[2025-06-01 20:38:20] WARNING django.request: Not Found: /static/admin/css/nav_sidebar.css
[2025-06-01 20:38:20] WARNING django.request: Not Found: /static/admin/js/vendor/xregexp/xregexp.js
[2025-06-01 20:38:20] WARNING django.request: Not Found: /static/admin/css/responsive.css
[2025-06-01 20:38:20] WARNING django.request: Not Found: /static/admin/js/nav_sidebar.js
[2025-06-01 20:38:20] WARNING django.request: Not Found: /static/admin/js/cancel.js
[2025-06-01 20:38:22] WARNING django.request: Not Found: /static/admin/css/base.css
[2025-06-01 20:38:22] WARNING django.request: Not Found: /static/admin/js/theme.js
[2025-06-01 20:38:22] WARNING django.request: Not Found: /static/admin/css/changelists.css
[2025-06-01 20:38:22] WARNING django.request: Not Found: /static/admin/css/dark_mode.css
[2025-06-01 20:38:22] WARNING django.request: Not Found: /static/admin/css/nav_sidebar.css
[2025-06-01 20:38:22] WARNING django.request: Not Found: /static/admin/js/vendor/jquery/jquery.js
[2025-06-01 20:38:22] WARNING django.request: Not Found: /static/admin/js/jquery.init.js
[2025-06-01 20:38:22] WARNING django.request: Not Found: /static/admin/css/responsive.css
[2025-06-01 20:38:22] WARNING django.request: Not Found: /static/admin/js/actions.js
[2025-06-01 20:38:22] WARNING django.request: Not Found: /static/admin/js/admin/RelatedObjectLookups.js
[2025-06-01 20:38:22] WARNING django.request: Not Found: /static/admin/js/core.js
[2025-06-01 20:38:22] WARNING django.request: Not Found: /static/admin/css/nav_sidebar.css
[2025-06-01 20:38:22] WARNING django.request: Not Found: /static/admin/js/prepopulate.js
[2025-06-01 20:38:22] WARNING django.request: Not Found: /static/admin/js/vendor/xregexp/xregexp.js
[2025-06-01 20:38:22] WARNING django.request: Not Found: /static/admin/css/changelists.css
[2025-06-01 20:38:22] WARNING django.request: Not Found: /static/admin/img/search.svg
[2025-06-01 20:38:22] WARNING django.request: Not Found: /static/admin/js/urlify.js
[2025-06-01 20:38:22] WARNING django.request: Not Found: /static/admin/js/nav_sidebar.js
[2025-06-01 20:38:22] WARNING django.request: Not Found: /static/admin/css/responsive.css
[2025-06-01 20:38:22] WARNING django.request: Not Found: /static/admin/js/filters.js
[2025-06-01 20:38:25] WARNING django.request: Not Found: /.well-known/appspecific/com.chrome.devtools.json
[2025-06-01 20:42:37] WARNING django.request: Not Found: /static/admin/css/base.css
[2025-06-01 20:42:37] WARNING django.request: Not Found: /static/admin/js/theme.js
[2025-06-01 20:42:37] WARNING django.request: Not Found: /static/admin/css/dark_mode.css
[2025-06-01 20:42:37] WARNING django.request: Not Found: /static/admin/css/changelists.css
[2025-06-01 20:42:37] WARNING django.request: Not Found: /static/admin/css/nav_sidebar.css
[2025-06-01 20:42:37] WARNING django.request: Not Found: /static/admin/css/responsive.css
[2025-06-01 20:42:37] WARNING django.request: Not Found: /static/admin/js/core.js
[2025-06-01 20:42:37] WARNING django.request: Not Found: /static/admin/js/vendor/jquery/jquery.js
[2025-06-01 20:42:37] WARNING django.request: Not Found: /static/admin/js/jquery.init.js
[2025-06-01 20:42:37] WARNING django.request: Not Found: /static/admin/js/admin/RelatedObjectLookups.js
[2025-06-01 20:42:37] WARNING django.request: Not Found: /static/admin/js/actions.js
[2025-06-01 20:42:37] WARNING django.request: Not Found: /static/admin/css/nav_sidebar.css
[2025-06-01 20:42:37] WARNING django.request: Not Found: /static/admin/css/changelists.css
[2025-06-01 20:42:37] WARNING django.request: Not Found: /static/admin/js/prepopulate.js
[2025-06-01 20:42:37] WARNING django.request: Not Found: /static/admin/js/vendor/xregexp/xregexp.js
[2025-06-01 20:42:37] WARNING django.request: Not Found: /static/admin/img/search.svg
[2025-06-01 20:42:37] WARNING django.request: Not Found: /static/admin/js/urlify.js
[2025-06-01 20:42:37] WARNING django.request: Not Found: /static/admin/js/filters.js
[2025-06-01 20:42:37] WARNING django.request: Not Found: /static/admin/css/responsive.css
[2025-06-01 20:42:37] WARNING django.request: Not Found: /static/admin/js/nav_sidebar.js
[2025-06-01 20:42:45] WARNING django.request: Not Found: /static/admin/js/theme.js
[2025-06-01 20:42:45] WARNING django.request: Not Found: /static/admin/css/nav_sidebar.css
[2025-06-01 20:42:45] WARNING django.request: Not Found: /static/admin/css/base.css
[2025-06-01 20:42:45] WARNING django.request: Not Found: /static/admin/js/vendor/jquery/jquery.js
[2025-06-01 20:42:45] WARNING django.request: Not Found: /static/admin/js/jquery.init.js
[2025-06-01 20:42:45] WARNING django.request: Not Found: /static/admin/css/dark_mode.css
[2025-06-01 20:42:45] WARNING django.request: Not Found: /static/admin/css/responsive.css
[2025-06-01 20:42:45] WARNING django.request: Not Found: /static/admin/js/actions.js
[2025-06-01 20:42:45] WARNING django.request: Not Found: /static/admin/js/admin/RelatedObjectLookups.js
[2025-06-01 20:42:45] WARNING django.request: Not Found: /static/admin/js/core.js
[2025-06-01 20:42:46] WARNING django.request: Not Found: /static/admin/js/prepopulate.js
[2025-06-01 20:42:46] WARNING django.request: Not Found: /static/admin/js/urlify.js
[2025-06-01 20:42:46] WARNING django.request: Not Found: /static/admin/css/nav_sidebar.css
[2025-06-01 20:42:46] WARNING django.request: Not Found: /static/admin/js/vendor/xregexp/xregexp.js
[2025-06-01 20:42:46] WARNING django.request: Not Found: /static/admin/js/nav_sidebar.js
[2025-06-01 20:42:46] WARNING django.request: Not Found: /static/admin/js/cancel.js
[2025-06-01 20:42:46] WARNING django.request: Not Found: /static/admin/css/responsive.css
[2025-06-01 20:42:48] WARNING django.request: Not Found: /static/admin/css/base.css
[2025-06-01 20:42:48] WARNING django.request: Not Found: /static/admin/css/dark_mode.css
[2025-06-01 20:42:48] WARNING django.request: Not Found: /static/admin/css/changelists.css
[2025-06-01 20:42:48] WARNING django.request: Not Found: /static/admin/css/nav_sidebar.css
[2025-06-01 20:42:48] WARNING django.request: Not Found: /static/admin/js/theme.js
[2025-06-01 20:42:48] WARNING django.request: Not Found: /static/admin/css/responsive.css
[2025-06-01 20:42:48] WARNING django.request: Not Found: /static/admin/js/admin/RelatedObjectLookups.js
[2025-06-01 20:42:48] WARNING django.request: Not Found: /static/admin/js/vendor/jquery/jquery.js
[2025-06-01 20:42:48] WARNING django.request: Not Found: /static/admin/js/actions.js
[2025-06-01 20:42:48] WARNING django.request: Not Found: /static/admin/js/core.js
[2025-06-01 20:42:48] WARNING django.request: Not Found: /static/admin/js/jquery.init.js
[2025-06-01 20:42:48] WARNING django.request: Not Found: /static/admin/js/urlify.js
[2025-06-01 20:42:48] WARNING django.request: Not Found: /static/admin/css/nav_sidebar.css
[2025-06-01 20:42:48] WARNING django.request: Not Found: /static/admin/js/vendor/xregexp/xregexp.js
[2025-06-01 20:42:48] WARNING django.request: Not Found: /static/admin/js/prepopulate.js
[2025-06-01 20:42:48] WARNING django.request: Not Found: /static/admin/img/search.svg
[2025-06-01 20:42:48] WARNING django.request: Not Found: /static/admin/css/changelists.css
[2025-06-01 20:42:48] WARNING django.request: Not Found: /static/admin/css/responsive.css
[2025-06-01 20:42:48] WARNING django.request: Not Found: /static/admin/js/filters.js
[2025-06-01 20:42:48] WARNING django.request: Not Found: /static/admin/js/nav_sidebar.js
[2025-06-01 20:42:55] WARNING django.request: Not Found: /.well-known/appspecific/com.chrome.devtools.json
[2025-06-01 20:43:23] WARNING django.request: Not Found: /static/admin/css/base.css
[2025-06-01 20:43:23] WARNING django.request: Not Found: /static/admin/js/theme.js
[2025-06-01 20:43:23] WARNING django.request: Not Found: /static/admin/css/nav_sidebar.css
[2025-06-01 20:43:23] WARNING django.request: Not Found: /static/admin/css/changelists.css
[2025-06-01 20:43:23] WARNING django.request: Not Found: /static/admin/css/dark_mode.css
[2025-06-01 20:43:23] WARNING django.request: Not Found: /static/admin/js/vendor/jquery/jquery.js
[2025-06-01 20:43:23] WARNING django.request: Not Found: /static/admin/css/responsive.css
[2025-06-01 20:43:23] WARNING django.request: Not Found: /static/admin/js/core.js
[2025-06-01 20:43:23] WARNING django.request: Not Found: /static/admin/js/jquery.init.js
[2025-06-01 20:43:23] WARNING django.request: Not Found: /static/admin/js/admin/RelatedObjectLookups.js
[2025-06-01 20:43:23] WARNING django.request: Not Found: /static/admin/js/actions.js
[2025-06-01 20:43:23] WARNING django.request: Not Found: /static/admin/css/nav_sidebar.css
[2025-06-01 20:43:23] WARNING django.request: Not Found: /static/admin/js/urlify.js
[2025-06-01 20:43:23] WARNING django.request: Not Found: /static/admin/js/prepopulate.js
[2025-06-01 20:43:23] WARNING django.request: Not Found: /static/admin/css/changelists.css
[2025-06-01 20:43:23] WARNING django.request: Not Found: /static/admin/js/vendor/xregexp/xregexp.js
[2025-06-01 20:43:23] WARNING django.request: Not Found: /static/admin/img/search.svg
[2025-06-01 20:43:23] WARNING django.request: Not Found: /static/admin/css/responsive.css
[2025-06-01 20:43:23] WARNING django.request: Not Found: /static/admin/js/filters.js
[2025-06-01 20:43:23] WARNING django.request: Not Found: /static/admin/js/nav_sidebar.js
[2025-06-01 20:43:44] WARNING django.request: Not Found: /static/rest_framework/css/bootstrap.min.css
[2025-06-01 20:43:44] WARNING django.request: Not Found: /static/rest_framework/css/default.css
[2025-06-01 20:43:44] WARNING django.request: Not Found: /static/rest_framework/js/jquery-3.7.1.min.js
[2025-06-01 20:43:44] WARNING django.request: Not Found: /static/rest_framework/css/bootstrap-tweaks.css
[2025-06-01 20:43:44] WARNING django.request: Not Found: /static/rest_framework/css/prettify.css
[2025-06-01 20:43:44] WARNING django.request: Not Found: /static/rest_framework/js/ajax-form.js
[2025-06-01 20:43:44] WARNING django.request: Not Found: /static/rest_framework/js/csrf.js
[2025-06-01 20:43:44] WARNING django.request: Not Found: /static/rest_framework/js/prettify-min.js
[2025-06-01 20:43:44] WARNING django.request: Not Found: /static/rest_framework/js/default.js
[2025-06-01 20:43:44] WARNING django.request: Not Found: /static/rest_framework/js/bootstrap.min.js
[2025-06-01 20:43:44] WARNING django.request: Not Found: /static/rest_framework/js/load-ajax-form.js
[2025-06-01 20:43:47] WARNING django.request: Method Not Allowed: /api/detections/detect_plates/
[2025-06-01 20:43:47] WARNING django.request: Not Found: /static/rest_framework/css/bootstrap.min.css
[2025-06-01 20:43:47] WARNING django.request: Not Found: /static/rest_framework/css/prettify.css
[2025-06-01 20:43:47] WARNING django.request: Not Found: /static/rest_framework/css/default.css
[2025-06-01 20:43:47] WARNING django.request: Not Found: /static/rest_framework/css/bootstrap-tweaks.css
[2025-06-01 20:43:47] WARNING django.request: Not Found: /static/rest_framework/js/jquery-3.7.1.min.js
[2025-06-01 20:43:47] WARNING django.request: Not Found: /static/rest_framework/js/ajax-form.js
[2025-06-01 20:43:48] WARNING django.request: Not Found: /static/rest_framework/js/csrf.js
[2025-06-01 20:43:48] WARNING django.request: Not Found: /static/rest_framework/js/prettify-min.js
[2025-06-01 20:43:48] WARNING django.request: Not Found: /static/rest_framework/js/bootstrap.min.js
[2025-06-01 20:43:48] WARNING django.request: Not Found: /static/rest_framework/js/load-ajax-form.js
[2025-06-01 20:43:48] WARNING django.request: Not Found: /static/rest_framework/js/default.js
[2025-06-01 20:43:51] WARNING django.request: Not Found: /static/rest_framework/css/bootstrap.min.css
[2025-06-01 20:43:51] WARNING django.request: Not Found: /static/rest_framework/css/prettify.css
[2025-06-01 20:43:51] WARNING django.request: Not Found: /static/rest_framework/js/ajax-form.js
[2025-06-01 20:43:51] WARNING django.request: Not Found: /static/rest_framework/css/bootstrap-tweaks.css
[2025-06-01 20:43:51] WARNING django.request: Not Found: /static/rest_framework/css/default.css
[2025-06-01 20:43:51] WARNING django.request: Not Found: /static/rest_framework/js/jquery-3.7.1.min.js
[2025-06-01 20:43:51] WARNING django.request: Not Found: /static/rest_framework/js/csrf.js
[2025-06-01 20:43:51] WARNING django.request: Not Found: /static/rest_framework/js/bootstrap.min.js
[2025-06-01 20:43:51] WARNING django.request: Not Found: /static/rest_framework/js/prettify-min.js
[2025-06-01 20:43:51] WARNING django.request: Not Found: /static/rest_framework/js/load-ajax-form.js
[2025-06-01 20:43:51] WARNING django.request: Not Found: /static/rest_framework/js/default.js
[2025-06-01 20:43:53] WARNING django.request: Method Not Allowed: /api/detections/process_frame/
[2025-06-01 20:43:53] WARNING django.request: Not Found: /static/rest_framework/css/bootstrap.min.css
[2025-06-01 20:43:53] WARNING django.request: Not Found: /static/rest_framework/css/bootstrap-tweaks.css
[2025-06-01 20:43:53] WARNING django.request: Not Found: /static/rest_framework/css/default.css
[2025-06-01 20:43:53] WARNING django.request: Not Found: /static/rest_framework/css/prettify.css
[2025-06-01 20:43:53] WARNING django.request: Not Found: /static/rest_framework/js/ajax-form.js
[2025-06-01 20:43:54] WARNING django.request: Not Found: /static/rest_framework/js/jquery-3.7.1.min.js
[2025-06-01 20:43:54] WARNING django.request: Not Found: /static/rest_framework/js/csrf.js
[2025-06-01 20:43:54] WARNING django.request: Not Found: /static/rest_framework/js/prettify-min.js
[2025-06-01 20:43:54] WARNING django.request: Not Found: /static/rest_framework/js/bootstrap.min.js
[2025-06-01 20:43:54] WARNING django.request: Not Found: /static/rest_framework/js/load-ajax-form.js
[2025-06-01 20:43:54] WARNING django.request: Not Found: /static/rest_framework/js/default.js
[2025-06-01 20:43:55] WARNING django.request: Method Not Allowed: /api/detections/process_frame/
[2025-06-01 20:43:55] WARNING django.request: Not Found: /static/rest_framework/css/bootstrap-tweaks.css
[2025-06-01 20:43:55] WARNING django.request: Not Found: /static/rest_framework/js/ajax-form.js
[2025-06-01 20:43:55] WARNING django.request: Not Found: /static/rest_framework/css/default.css
[2025-06-01 20:43:55] WARNING django.request: Not Found: /static/rest_framework/css/prettify.css
[2025-06-01 20:43:55] WARNING django.request: Not Found: /static/rest_framework/css/bootstrap.min.css
[2025-06-01 20:43:55] WARNING django.request: Not Found: /static/rest_framework/js/jquery-3.7.1.min.js
[2025-06-01 20:43:55] WARNING django.request: Not Found: /static/rest_framework/js/csrf.js
[2025-06-01 20:43:55] WARNING django.request: Not Found: /static/rest_framework/js/bootstrap.min.js
[2025-06-01 20:43:55] WARNING django.request: Not Found: /static/rest_framework/js/prettify-min.js
[2025-06-01 20:43:55] WARNING django.request: Not Found: /static/rest_framework/js/default.js
[2025-06-01 20:43:55] WARNING django.request: Not Found: /static/rest_framework/js/load-ajax-form.js
[2025-06-01 20:43:56] WARNING django.request: Method Not Allowed: /api/detections/detect_plates/
[2025-06-01 20:43:56] WARNING django.request: Not Found: /static/rest_framework/css/bootstrap.min.css
[2025-06-01 20:43:56] WARNING django.request: Not Found: /static/rest_framework/css/prettify.css
[2025-06-01 20:43:56] WARNING django.request: Not Found: /static/rest_framework/js/jquery-3.7.1.min.js
[2025-06-01 20:43:56] WARNING django.request: Not Found: /static/rest_framework/css/bootstrap-tweaks.css
[2025-06-01 20:43:56] WARNING django.request: Not Found: /static/rest_framework/js/ajax-form.js
[2025-06-01 20:43:56] WARNING django.request: Not Found: /static/rest_framework/css/default.css
[2025-06-01 20:43:56] WARNING django.request: Not Found: /static/rest_framework/js/csrf.js
[2025-06-01 20:43:56] WARNING django.request: Not Found: /static/rest_framework/js/load-ajax-form.js
[2025-06-01 20:43:56] WARNING django.request: Not Found: /static/rest_framework/js/bootstrap.min.js
[2025-06-01 20:43:56] WARNING django.request: Not Found: /static/rest_framework/js/prettify-min.js
[2025-06-01 20:43:56] WARNING django.request: Not Found: /static/rest_framework/js/default.js
[2025-06-01 20:44:27] WARNING django.request: Not Found: /static/rest_framework/css/bootstrap.min.css
[2025-06-01 20:44:27] WARNING django.request: Not Found: /static/rest_framework/js/jquery-3.7.1.min.js
[2025-06-01 20:44:27] WARNING django.request: Not Found: /static/rest_framework/js/ajax-form.js
[2025-06-01 20:44:27] WARNING django.request: Not Found: /static/rest_framework/css/default.css
[2025-06-01 20:44:27] WARNING django.request: Not Found: /static/rest_framework/css/bootstrap-tweaks.css
[2025-06-01 20:44:27] WARNING django.request: Not Found: /static/rest_framework/js/csrf.js
[2025-06-01 20:44:27] WARNING django.request: Not Found: /static/rest_framework/css/prettify.css
[2025-06-01 20:44:27] WARNING django.request: Not Found: /static/rest_framework/js/prettify-min.js
[2025-06-01 20:44:27] WARNING django.request: Not Found: /static/rest_framework/js/load-ajax-form.js
[2025-06-01 20:44:27] WARNING django.request: Not Found: /static/rest_framework/js/default.js
[2025-06-01 20:44:27] WARNING django.request: Not Found: /static/rest_framework/js/bootstrap.min.js
[2025-06-01 20:46:13] WARNING django.request: Not Found: /static/admin/css/base.css
[2025-06-01 20:46:13] WARNING django.request: Not Found: /static/admin/css/nav_sidebar.css
[2025-06-01 20:46:13] WARNING django.request: Not Found: /static/admin/css/dashboard.css
[2025-06-01 20:46:13] WARNING django.request: Not Found: /static/admin/js/theme.js
[2025-06-01 20:46:13] WARNING django.request: Not Found: /static/admin/css/dark_mode.css
[2025-06-01 20:46:13] WARNING django.request: Not Found: /static/admin/css/responsive.css
[2025-06-01 20:46:13] WARNING django.request: Not Found: /static/admin/js/nav_sidebar.js
[2025-06-01 20:46:14] WARNING django.request: Not Found: /static/admin/css/responsive.css
[2025-06-01 20:46:14] WARNING django.request: Not Found: /static/admin/css/dashboard.css
[2025-06-01 20:46:14] WARNING django.request: Not Found: /static/admin/css/nav_sidebar.css
[2025-06-01 20:46:15] WARNING django.request: Not Found: /static/admin/css/base.css
[2025-06-01 20:46:15] WARNING django.request: Not Found: /static/admin/js/theme.js
[2025-06-01 20:46:15] WARNING django.request: Not Found: /static/admin/css/changelists.css
[2025-06-01 20:46:15] WARNING django.request: Not Found: /static/admin/css/nav_sidebar.css
[2025-06-01 20:46:15] WARNING django.request: Not Found: /static/admin/css/dark_mode.css
[2025-06-01 20:46:15] WARNING django.request: Not Found: /static/admin/css/responsive.css
[2025-06-01 20:46:15] WARNING django.request: Not Found: /static/admin/js/vendor/jquery/jquery.js
[2025-06-01 20:46:16] WARNING django.request: Not Found: /static/admin/js/jquery.init.js
[2025-06-01 20:46:16] WARNING django.request: Not Found: /static/admin/js/actions.js
[2025-06-01 20:46:16] WARNING django.request: Not Found: /static/admin/js/core.js
[2025-06-01 20:46:16] WARNING django.request: Not Found: /static/admin/js/admin/RelatedObjectLookups.js
[2025-06-01 20:46:16] WARNING django.request: Not Found: /static/admin/js/urlify.js
[2025-06-01 20:46:16] WARNING django.request: Not Found: /static/admin/css/nav_sidebar.css
[2025-06-01 20:46:16] WARNING django.request: Not Found: /static/admin/css/changelists.css
[2025-06-01 20:46:16] WARNING django.request: Not Found: /static/admin/js/prepopulate.js
[2025-06-01 20:46:16] WARNING django.request: Not Found: /static/admin/js/vendor/xregexp/xregexp.js
[2025-06-01 20:46:16] WARNING django.request: Not Found: /static/admin/img/search.svg
[2025-06-01 20:46:16] WARNING django.request: Not Found: /static/admin/js/filters.js
[2025-06-01 20:46:16] WARNING django.request: Not Found: /static/admin/css/responsive.css
[2025-06-01 20:46:16] WARNING django.request: Not Found: /static/admin/js/nav_sidebar.js
[2025-06-01 20:49:43] WARNING django.request: Not Found: /static/rest_framework/css/bootstrap.min.css
[2025-06-01 20:49:43] WARNING django.request: Not Found: /static/rest_framework/css/prettify.css
[2025-06-01 20:49:43] WARNING django.request: Not Found: /static/rest_framework/css/bootstrap-tweaks.css
[2025-06-01 20:49:43] WARNING django.request: Not Found: /static/rest_framework/css/default.css
[2025-06-01 20:49:43] WARNING django.request: Not Found: /static/rest_framework/js/jquery-3.7.1.min.js
[2025-06-01 20:49:43] WARNING django.request: Not Found: /static/rest_framework/js/ajax-form.js
[2025-06-01 20:49:43] WARNING django.request: Not Found: /static/rest_framework/js/csrf.js
[2025-06-01 20:49:43] WARNING django.request: Not Found: /static/rest_framework/js/bootstrap.min.js
[2025-06-01 20:49:43] WARNING django.request: Not Found: /static/rest_framework/js/prettify-min.js
[2025-06-01 20:49:43] WARNING django.request: Not Found: /static/rest_framework/js/default.js
[2025-06-01 20:49:43] WARNING django.request: Not Found: /static/rest_framework/js/load-ajax-form.js
